<?xml version="1.0" encoding="UTF-8"?>
<!-- Generated by org.testng.reporters.JUnitReportReporter -->
<testsuite hostname="TYSS-Rakesh-B" failures="0" tests="2" name="com.testcases.DigitalDownloads" time="8.026" errors="0" timestamp="2024-11-12T15:48:46 IST" skipped="0">
  <testcase classname="com.testcases.DigitalDownloads" name="verify_Books_Page_Is_Displayed" time="4.014"/>
  <system-out/>
  <testcase classname="com.testcases.DigitalDownloads" name="demo" time="4.012"/>
  <system-out/>
</testsuite> <!-- com.testcases.DigitalDownloads -->
