<?xml version="1.0" encoding="UTF-8"?>
<!-- Generated by org.testng.reporters.JUnitReportReporter -->
<testsuite hostname="TYSS-Rakesh-B" failures="0" tests="2" name="com.testcases.Books" time="8.058" errors="0" timestamp="2024-11-12T16:31:54 IST" skipped="0">
  <testcase classname="com.testcases.Books" name="verify_Books_Page_Is_Displayed" time="4.033"/>
  <system-out/>
  <testcase classname="com.testcases.Books" name="demo" time="4.025"/>
  <system-out/>
</testsuite> <!-- com.testcases.Books -->
